FinalProject/ProjectHELP/app/build/intermediates/manifest_merge_blame_file/debug/manifest-merger-blame-debug-report.txt
1<?xml version="1.0" encoding="utf-8"?>
2<manifest xmlns:android="http://schemas.android.com/apk/res/android"
3    package="com.example.project_help"
4    android:versionCode="1"
5    android:versionName="1.0" >
6
7    <uses-sdk
8        android:minSdkVersion="29"
8-->src\main\AndroidManifest.xml
9        android:targetSdkVersion="29" />
9-->src\main\AndroidManifest.xml
10
11    <application
11-->src\main\AndroidManifest.xml:5:5-24:19
12        android:allowBackup="true"
12-->src\main\AndroidManifest.xml:6:9-35
13        android:appComponentFactory="androidx.core.app.CoreComponentFactory"
13-->[androidx.core:core:1.0.1] AndroidManifest.xml:22:18-86
14        android:debuggable="true"
15        android:icon="@mipmap/ic_launcher"
15-->src\main\AndroidManifest.xml:7:9-43
16        android:label="@string/app_name"
16-->src\main\AndroidManifest.xml:8:9-41
17        android:roundIcon="@mipmap/ic_launcher_round"
17-->src\main\AndroidManifest.xml:9:9-54
18        android:supportsRtl="true"
18-->src\main\AndroidManifest.xml:10:9-35
19        android:theme="@style/AppTheme" >
19-->src\main\AndroidManifest.xml:11:9-40
20        <activity android:name="com.example.project_help.CreateAccountActivity" />
20-->src\main\AndroidManifest.xml:12:9-68
20-->src\main\AndroidManifest.xml:12:19-56
21        <activity android:name="com.example.project_help.LoginActivity" />
21-->src\main\AndroidManifest.xml:13:9-51
21-->src\main\AndroidManifest.xml:13:19-48
22        <activity android:name="com.example.project_help.BookActivity" />
22-->src\main\AndroidManifest.xml:14:9-50
22-->src\main\AndroidManifest.xml:14:19-47
23        <activity android:name="com.example.project_help.MapActivity" />
23-->src\main\AndroidManifest.xml:15:9-49
23-->src\main\AndroidManifest.xml:15:19-46
24        <activity android:name="com.example.project_help.CurrentBookingsActivity" />
24-->src\main\AndroidManifest.xml:16:9-61
24-->src\main\AndroidManifest.xml:16:19-58
25        <activity android:name="com.example.project_help.MainActivity" >
25-->src\main\AndroidManifest.xml:17:9-23:20
25-->src\main\AndroidManifest.xml:17:19-47
26            <intent-filter>
26-->src\main\AndroidManifest.xml:18:13-22:29
27                <action android:name="android.intent.action.MAIN" />
27-->src\main\AndroidManifest.xml:19:17-69
27-->src\main\AndroidManifest.xml:19:25-66
28
29                <category android:name="android.intent.category.LAUNCHER" />
29-->src\main\AndroidManifest.xml:21:17-77
29-->src\main\AndroidManifest.xml:21:27-74
30            </intent-filter>
31        </activity>
32
33        <provider
33-->[androidx.lifecycle:lifecycle-process:2.0.0] AndroidManifest.xml:23:9-27:43
34            android:name="androidx.lifecycle.ProcessLifecycleOwnerInitializer"
34-->[androidx.lifecycle:lifecycle-process:2.0.0] AndroidManifest.xml:24:13-79
35            android:authorities="com.example.project_help.lifecycle-process"
35-->[androidx.lifecycle:lifecycle-process:2.0.0] AndroidManifest.xml:25:13-69
36            android:exported="false"
36-->[androidx.lifecycle:lifecycle-process:2.0.0] AndroidManifest.xml:26:13-37
37            android:multiprocess="true" />
37-->[androidx.lifecycle:lifecycle-process:2.0.0] AndroidManifest.xml:27:13-40
38    </application>
39
40</manifest>